<?xml version="1.0" encoding="UTF-8"?>
<testsuite name="DollarTest" tests="3" skipped="0" failures="0" errors="0" timestamp="2020-03-19T12:09:23" hostname="cookyi" time="0.004">
  <properties/>
  <testcase name="testMultiplication" classname="DollarTest" time="0.003"/>
  <testcase name="testCurrency" classname="DollarTest" time="0.0"/>
  <testcase name="testEquality" classname="DollarTest" time="0.001"/>
  <system-out><![CDATA[]]></system-out>
  <system-err><![CDATA[]]></system-err>
</testsuite>
